<?xml version="1.0" encoding="UTF-8"?>
<testsuite xmlns:xsi="http://www.w3.org/2001/XMLSchema-instance" xsi:noNamespaceSchemaLocation="https://maven.apache.org/surefire/maven-surefire-plugin/xsd/surefire-test-report.xsd" name="com.assessment.craftdemo.CraftdemoApplicationTests" time="2.449" tests="1" errors="0" skipped="0" failures="0">
  <properties>
    <property name="java.specification.version" value="16"/>
    <property name="sun.cpu.isalist" value="amd64"/>
    <property name="sun.jnu.encoding" value="Cp1252"/>
    <property name="java.class.path" value="C:\Users\rramos\Documents\craftdemo\target\test-classes;C:\Users\rramos\Documents\craftdemo\target\classes;C:\Users\rramos\.m2\repository\org\springframework\boot\spring-boot-starter-web\2.5.7\spring-boot-starter-web-2.5.7.jar;C:\Users\rramos\.m2\repository\org\springframework\boot\spring-boot-starter\2.5.7\spring-boot-starter-2.5.7.jar;C:\Users\rramos\.m2\repository\org\springframework\boot\spring-boot\2.5.7\spring-boot-2.5.7.jar;C:\Users\rramos\.m2\repository\org\springframework\boot\spring-boot-autoconfigure\2.5.7\spring-boot-autoconfigure-2.5.7.jar;C:\Users\rramos\.m2\repository\org\springframework\boot\spring-boot-starter-logging\2.5.7\spring-boot-starter-logging-2.5.7.jar;C:\Users\rramos\.m2\repository\ch\qos\logback\logback-classic\1.2.7\logback-classic-1.2.7.jar;C:\Users\rramos\.m2\repository\ch\qos\logback\logback-core\1.2.7\logback-core-1.2.7.jar;C:\Users\rramos\.m2\repository\org\apache\logging\log4j\log4j-to-slf4j\2.14.1\log4j-to-slf4j-2.14.1.jar;C:\Users\rramos\.m2\repository\org\apache\logging\log4j\log4j-api\2.14.1\log4j-api-2.14.1.jar;C:\Users\rramos\.m2\repository\org\slf4j\jul-to-slf4j\1.7.32\jul-to-slf4j-1.7.32.jar;C:\Users\rramos\.m2\repository\jakarta\annotation\jakarta.annotation-api\1.3.5\jakarta.annotation-api-1.3.5.jar;C:\Users\rramos\.m2\repository\org\yaml\snakeyaml\1.28\snakeyaml-1.28.jar;C:\Users\rramos\.m2\repository\org\springframework\boot\spring-boot-starter-json\2.5.7\spring-boot-starter-json-2.5.7.jar;C:\Users\rramos\.m2\repository\com\fasterxml\jackson\core\jackson-databind\2.12.5\jackson-databind-2.12.5.jar;C:\Users\rramos\.m2\repository\com\fasterxml\jackson\core\jackson-annotations\2.12.5\jackson-annotations-2.12.5.jar;C:\Users\rramos\.m2\repository\com\fasterxml\jackson\core\jackson-core\2.12.5\jackson-core-2.12.5.jar;C:\Users\rramos\.m2\repository\com\fasterxml\jackson\datatype\jackson-datatype-jdk8\2.12.5\jackson-datatype-jdk8-2.12.5.jar;C:\Users\rramos\.m2\repository\com\fasterxml\jackson\datatype\jackson-datatype-jsr310\2.12.5\jackson-datatype-jsr310-2.12.5.jar;C:\Users\rramos\.m2\repository\com\fasterxml\jackson\module\jackson-module-parameter-names\2.12.5\jackson-module-parameter-names-2.12.5.jar;C:\Users\rramos\.m2\repository\org\springframework\boot\spring-boot-starter-tomcat\2.5.7\spring-boot-starter-tomcat-2.5.7.jar;C:\Users\rramos\.m2\repository\org\apache\tomcat\embed\tomcat-embed-core\9.0.55\tomcat-embed-core-9.0.55.jar;C:\Users\rramos\.m2\repository\org\apache\tomcat\embed\tomcat-embed-el\9.0.55\tomcat-embed-el-9.0.55.jar;C:\Users\rramos\.m2\repository\org\apache\tomcat\embed\tomcat-embed-websocket\9.0.55\tomcat-embed-websocket-9.0.55.jar;C:\Users\rramos\.m2\repository\org\springframework\spring-web\5.3.13\spring-web-5.3.13.jar;C:\Users\rramos\.m2\repository\org\springframework\spring-beans\5.3.13\spring-beans-5.3.13.jar;C:\Users\rramos\.m2\repository\org\springframework\spring-webmvc\5.3.13\spring-webmvc-5.3.13.jar;C:\Users\rramos\.m2\repository\org\springframework\spring-aop\5.3.13\spring-aop-5.3.13.jar;C:\Users\rramos\.m2\repository\org\springframework\spring-context\5.3.13\spring-context-5.3.13.jar;C:\Users\rramos\.m2\repository\org\springframework\spring-expression\5.3.13\spring-expression-5.3.13.jar;C:\Users\rramos\.m2\repository\org\springframework\boot\spring-boot-starter-test\2.5.7\spring-boot-starter-test-2.5.7.jar;C:\Users\rramos\.m2\repository\org\springframework\boot\spring-boot-test\2.5.7\spring-boot-test-2.5.7.jar;C:\Users\rramos\.m2\repository\org\springframework\boot\spring-boot-test-autoconfigure\2.5.7\spring-boot-test-autoconfigure-2.5.7.jar;C:\Users\rramos\.m2\repository\com\jayway\jsonpath\json-path\2.5.0\json-path-2.5.0.jar;C:\Users\rramos\.m2\repository\net\minidev\json-smart\2.4.7\json-smart-2.4.7.jar;C:\Users\rramos\.m2\repository\net\minidev\accessors-smart\2.4.7\accessors-smart-2.4.7.jar;C:\Users\rramos\.m2\repository\org\ow2\asm\asm\9.1\asm-9.1.jar;C:\Users\rramos\.m2\repository\org\slf4j\slf4j-api\1.7.32\slf4j-api-1.7.32.jar;C:\Users\rramos\.m2\repository\jakarta\xml\bind\jakarta.xml.bind-api\2.3.3\jakarta.xml.bind-api-2.3.3.jar;C:\Users\rramos\.m2\repository\jakarta\activation\jakarta.activation-api\1.2.2\jakarta.activation-api-1.2.2.jar;C:\Users\rramos\.m2\repository\org\assertj\assertj-core\3.19.0\assertj-core-3.19.0.jar;C:\Users\rramos\.m2\repository\org\hamcrest\hamcrest\2.2\hamcrest-2.2.jar;C:\Users\rramos\.m2\repository\org\junit\jupiter\junit-jupiter\5.7.2\junit-jupiter-5.7.2.jar;C:\Users\rramos\.m2\repository\org\junit\jupiter\junit-jupiter-api\5.7.2\junit-jupiter-api-5.7.2.jar;C:\Users\rramos\.m2\repository\org\apiguardian\apiguardian-api\1.1.0\apiguardian-api-1.1.0.jar;C:\Users\rramos\.m2\repository\org\opentest4j\opentest4j\1.2.0\opentest4j-1.2.0.jar;C:\Users\rramos\.m2\repository\org\junit\platform\junit-platform-commons\1.7.2\junit-platform-commons-1.7.2.jar;C:\Users\rramos\.m2\repository\org\junit\jupiter\junit-jupiter-params\5.7.2\junit-jupiter-params-5.7.2.jar;C:\Users\rramos\.m2\repository\org\junit\jupiter\junit-jupiter-engine\5.7.2\junit-jupiter-engine-5.7.2.jar;C:\Users\rramos\.m2\repository\org\junit\platform\junit-platform-engine\1.7.2\junit-platform-engine-1.7.2.jar;C:\Users\rramos\.m2\repository\org\mockito\mockito-core\3.9.0\mockito-core-3.9.0.jar;C:\Users\rramos\.m2\repository\net\bytebuddy\byte-buddy\1.10.22\byte-buddy-1.10.22.jar;C:\Users\rramos\.m2\repository\net\bytebuddy\byte-buddy-agent\1.10.22\byte-buddy-agent-1.10.22.jar;C:\Users\rramos\.m2\repository\org\objenesis\objenesis\3.2\objenesis-3.2.jar;C:\Users\rramos\.m2\repository\org\mockito\mockito-junit-jupiter\3.9.0\mockito-junit-jupiter-3.9.0.jar;C:\Users\rramos\.m2\repository\org\skyscreamer\jsonassert\1.5.0\jsonassert-1.5.0.jar;C:\Users\rramos\.m2\repository\com\vaadin\external\google\android-json\0.0.20131108.vaadin1\android-json-0.0.20131108.vaadin1.jar;C:\Users\rramos\.m2\repository\org\springframework\spring-core\5.3.13\spring-core-5.3.13.jar;C:\Users\rramos\.m2\repository\org\springframework\spring-jcl\5.3.13\spring-jcl-5.3.13.jar;C:\Users\rramos\.m2\repository\org\springframework\spring-test\5.3.13\spring-test-5.3.13.jar;C:\Users\rramos\.m2\repository\org\xmlunit\xmlunit-core\2.8.3\xmlunit-core-2.8.3.jar;C:\Users\rramos\.m2\repository\io\grpc\grpc-netty-shaded\1.42.1\grpc-netty-shaded-1.42.1.jar;C:\Users\rramos\.m2\repository\com\google\guava\guava\30.1-android\guava-30.1-android.jar;C:\Users\rramos\.m2\repository\com\google\guava\failureaccess\1.0.1\failureaccess-1.0.1.jar;C:\Users\rramos\.m2\repository\com\google\guava\listenablefuture\9999.0-empty-to-avoid-conflict-with-guava\listenablefuture-9999.0-empty-to-avoid-conflict-with-guava.jar;C:\Users\rramos\.m2\repository\org\checkerframework\checker-compat-qual\2.5.5\checker-compat-qual-2.5.5.jar;C:\Users\rramos\.m2\repository\com\google\j2objc\j2objc-annotations\1.3\j2objc-annotations-1.3.jar;C:\Users\rramos\.m2\repository\com\google\errorprone\error_prone_annotations\2.9.0\error_prone_annotations-2.9.0.jar;C:\Users\rramos\.m2\repository\io\perfmark\perfmark-api\0.23.0\perfmark-api-0.23.0.jar;C:\Users\rramos\.m2\repository\io\grpc\grpc-core\1.42.1\grpc-core-1.42.1.jar;C:\Users\rramos\.m2\repository\com\google\code\gson\gson\2.8.9\gson-2.8.9.jar;C:\Users\rramos\.m2\repository\com\google\android\annotations\4.1.1.4\annotations-4.1.1.4.jar;C:\Users\rramos\.m2\repository\org\codehaus\mojo\animal-sniffer-annotations\1.19\animal-sniffer-annotations-1.19.jar;C:\Users\rramos\.m2\repository\io\grpc\grpc-protobuf\1.42.1\grpc-protobuf-1.42.1.jar;C:\Users\rramos\.m2\repository\io\grpc\grpc-api\1.42.1\grpc-api-1.42.1.jar;C:\Users\rramos\.m2\repository\io\grpc\grpc-context\1.42.1\grpc-context-1.42.1.jar;C:\Users\rramos\.m2\repository\com\google\code\findbugs\jsr305\3.0.2\jsr305-3.0.2.jar;C:\Users\rramos\.m2\repository\com\google\protobuf\protobuf-java\3.17.2\protobuf-java-3.17.2.jar;C:\Users\rramos\.m2\repository\com\google\api\grpc\proto-google-common-protos\2.0.1\proto-google-common-protos-2.0.1.jar;C:\Users\rramos\.m2\repository\io\grpc\grpc-protobuf-lite\1.42.1\grpc-protobuf-lite-1.42.1.jar;C:\Users\rramos\.m2\repository\io\grpc\grpc-stub\1.42.1\grpc-stub-1.42.1.jar;C:\Users\rramos\.m2\repository\org\apache\tomcat\annotations-api\6.0.53\annotations-api-6.0.53.jar;"/>
    <property name="java.vm.vendor" value="Oracle Corporation"/>
    <property name="sun.arch.data.model" value="64"/>
    <property name="user.variant" value=""/>
    <property name="java.vendor.url" value="https://java.oracle.com/"/>
    <property name="user.timezone" value="America/Los_Angeles"/>
    <property name="os.name" value="Windows 10"/>
    <property name="java.vm.specification.version" value="16"/>
    <property name="sun.java.launcher" value="SUN_STANDARD"/>
    <property name="user.country" value="US"/>
    <property name="sun.boot.library.path" value="C:\Program Files\Java\jdk-16\bin"/>
    <property name="sun.java.command" value="C:\Users\rramos\AppData\Local\Temp\surefire3954773656066819019\surefirebooter4269487755803596306.jar C:\Users\rramos\AppData\Local\Temp\surefire3954773656066819019 2021-11-23T04-38-41_262-jvmRun1 surefire15046100604858083720tmp surefire_03442143638554088tmp"/>
    <property name="jdk.debug" value="release"/>
    <property name="surefire.test.class.path" value="C:\Users\rramos\Documents\craftdemo\target\test-classes;C:\Users\rramos\Documents\craftdemo\target\classes;C:\Users\rramos\.m2\repository\org\springframework\boot\spring-boot-starter-web\2.5.7\spring-boot-starter-web-2.5.7.jar;C:\Users\rramos\.m2\repository\org\springframework\boot\spring-boot-starter\2.5.7\spring-boot-starter-2.5.7.jar;C:\Users\rramos\.m2\repository\org\springframework\boot\spring-boot\2.5.7\spring-boot-2.5.7.jar;C:\Users\rramos\.m2\repository\org\springframework\boot\spring-boot-autoconfigure\2.5.7\spring-boot-autoconfigure-2.5.7.jar;C:\Users\rramos\.m2\repository\org\springframework\boot\spring-boot-starter-logging\2.5.7\spring-boot-starter-logging-2.5.7.jar;C:\Users\rramos\.m2\repository\ch\qos\logback\logback-classic\1.2.7\logback-classic-1.2.7.jar;C:\Users\rramos\.m2\repository\ch\qos\logback\logback-core\1.2.7\logback-core-1.2.7.jar;C:\Users\rramos\.m2\repository\org\apache\logging\log4j\log4j-to-slf4j\2.14.1\log4j-to-slf4j-2.14.1.jar;C:\Users\rramos\.m2\repository\org\apache\logging\log4j\log4j-api\2.14.1\log4j-api-2.14.1.jar;C:\Users\rramos\.m2\repository\org\slf4j\jul-to-slf4j\1.7.32\jul-to-slf4j-1.7.32.jar;C:\Users\rramos\.m2\repository\jakarta\annotation\jakarta.annotation-api\1.3.5\jakarta.annotation-api-1.3.5.jar;C:\Users\rramos\.m2\repository\org\yaml\snakeyaml\1.28\snakeyaml-1.28.jar;C:\Users\rramos\.m2\repository\org\springframework\boot\spring-boot-starter-json\2.5.7\spring-boot-starter-json-2.5.7.jar;C:\Users\rramos\.m2\repository\com\fasterxml\jackson\core\jackson-databind\2.12.5\jackson-databind-2.12.5.jar;C:\Users\rramos\.m2\repository\com\fasterxml\jackson\core\jackson-annotations\2.12.5\jackson-annotations-2.12.5.jar;C:\Users\rramos\.m2\repository\com\fasterxml\jackson\core\jackson-core\2.12.5\jackson-core-2.12.5.jar;C:\Users\rramos\.m2\repository\com\fasterxml\jackson\datatype\jackson-datatype-jdk8\2.12.5\jackson-datatype-jdk8-2.12.5.jar;C:\Users\rramos\.m2\repository\com\fasterxml\jackson\datatype\jackson-datatype-jsr310\2.12.5\jackson-datatype-jsr310-2.12.5.jar;C:\Users\rramos\.m2\repository\com\fasterxml\jackson\module\jackson-module-parameter-names\2.12.5\jackson-module-parameter-names-2.12.5.jar;C:\Users\rramos\.m2\repository\org\springframework\boot\spring-boot-starter-tomcat\2.5.7\spring-boot-starter-tomcat-2.5.7.jar;C:\Users\rramos\.m2\repository\org\apache\tomcat\embed\tomcat-embed-core\9.0.55\tomcat-embed-core-9.0.55.jar;C:\Users\rramos\.m2\repository\org\apache\tomcat\embed\tomcat-embed-el\9.0.55\tomcat-embed-el-9.0.55.jar;C:\Users\rramos\.m2\repository\org\apache\tomcat\embed\tomcat-embed-websocket\9.0.55\tomcat-embed-websocket-9.0.55.jar;C:\Users\rramos\.m2\repository\org\springframework\spring-web\5.3.13\spring-web-5.3.13.jar;C:\Users\rramos\.m2\repository\org\springframework\spring-beans\5.3.13\spring-beans-5.3.13.jar;C:\Users\rramos\.m2\repository\org\springframework\spring-webmvc\5.3.13\spring-webmvc-5.3.13.jar;C:\Users\rramos\.m2\repository\org\springframework\spring-aop\5.3.13\spring-aop-5.3.13.jar;C:\Users\rramos\.m2\repository\org\springframework\spring-context\5.3.13\spring-context-5.3.13.jar;C:\Users\rramos\.m2\repository\org\springframework\spring-expression\5.3.13\spring-expression-5.3.13.jar;C:\Users\rramos\.m2\repository\org\springframework\boot\spring-boot-starter-test\2.5.7\spring-boot-starter-test-2.5.7.jar;C:\Users\rramos\.m2\repository\org\springframework\boot\spring-boot-test\2.5.7\spring-boot-test-2.5.7.jar;C:\Users\rramos\.m2\repository\org\springframework\boot\spring-boot-test-autoconfigure\2.5.7\spring-boot-test-autoconfigure-2.5.7.jar;C:\Users\rramos\.m2\repository\com\jayway\jsonpath\json-path\2.5.0\json-path-2.5.0.jar;C:\Users\rramos\.m2\repository\net\minidev\json-smart\2.4.7\json-smart-2.4.7.jar;C:\Users\rramos\.m2\repository\net\minidev\accessors-smart\2.4.7\accessors-smart-2.4.7.jar;C:\Users\rramos\.m2\repository\org\ow2\asm\asm\9.1\asm-9.1.jar;C:\Users\rramos\.m2\repository\org\slf4j\slf4j-api\1.7.32\slf4j-api-1.7.32.jar;C:\Users\rramos\.m2\repository\jakarta\xml\bind\jakarta.xml.bind-api\2.3.3\jakarta.xml.bind-api-2.3.3.jar;C:\Users\rramos\.m2\repository\jakarta\activation\jakarta.activation-api\1.2.2\jakarta.activation-api-1.2.2.jar;C:\Users\rramos\.m2\repository\org\assertj\assertj-core\3.19.0\assertj-core-3.19.0.jar;C:\Users\rramos\.m2\repository\org\hamcrest\hamcrest\2.2\hamcrest-2.2.jar;C:\Users\rramos\.m2\repository\org\junit\jupiter\junit-jupiter\5.7.2\junit-jupiter-5.7.2.jar;C:\Users\rramos\.m2\repository\org\junit\jupiter\junit-jupiter-api\5.7.2\junit-jupiter-api-5.7.2.jar;C:\Users\rramos\.m2\repository\org\apiguardian\apiguardian-api\1.1.0\apiguardian-api-1.1.0.jar;C:\Users\rramos\.m2\repository\org\opentest4j\opentest4j\1.2.0\opentest4j-1.2.0.jar;C:\Users\rramos\.m2\repository\org\junit\platform\junit-platform-commons\1.7.2\junit-platform-commons-1.7.2.jar;C:\Users\rramos\.m2\repository\org\junit\jupiter\junit-jupiter-params\5.7.2\junit-jupiter-params-5.7.2.jar;C:\Users\rramos\.m2\repository\org\junit\jupiter\junit-jupiter-engine\5.7.2\junit-jupiter-engine-5.7.2.jar;C:\Users\rramos\.m2\repository\org\junit\platform\junit-platform-engine\1.7.2\junit-platform-engine-1.7.2.jar;C:\Users\rramos\.m2\repository\org\mockito\mockito-core\3.9.0\mockito-core-3.9.0.jar;C:\Users\rramos\.m2\repository\net\bytebuddy\byte-buddy\1.10.22\byte-buddy-1.10.22.jar;C:\Users\rramos\.m2\repository\net\bytebuddy\byte-buddy-agent\1.10.22\byte-buddy-agent-1.10.22.jar;C:\Users\rramos\.m2\repository\org\objenesis\objenesis\3.2\objenesis-3.2.jar;C:\Users\rramos\.m2\repository\org\mockito\mockito-junit-jupiter\3.9.0\mockito-junit-jupiter-3.9.0.jar;C:\Users\rramos\.m2\repository\org\skyscreamer\jsonassert\1.5.0\jsonassert-1.5.0.jar;C:\Users\rramos\.m2\repository\com\vaadin\external\google\android-json\0.0.20131108.vaadin1\android-json-0.0.20131108.vaadin1.jar;C:\Users\rramos\.m2\repository\org\springframework\spring-core\5.3.13\spring-core-5.3.13.jar;C:\Users\rramos\.m2\repository\org\springframework\spring-jcl\5.3.13\spring-jcl-5.3.13.jar;C:\Users\rramos\.m2\repository\org\springframework\spring-test\5.3.13\spring-test-5.3.13.jar;C:\Users\rramos\.m2\repository\org\xmlunit\xmlunit-core\2.8.3\xmlunit-core-2.8.3.jar;C:\Users\rramos\.m2\repository\io\grpc\grpc-netty-shaded\1.42.1\grpc-netty-shaded-1.42.1.jar;C:\Users\rramos\.m2\repository\com\google\guava\guava\30.1-android\guava-30.1-android.jar;C:\Users\rramos\.m2\repository\com\google\guava\failureaccess\1.0.1\failureaccess-1.0.1.jar;C:\Users\rramos\.m2\repository\com\google\guava\listenablefuture\9999.0-empty-to-avoid-conflict-with-guava\listenablefuture-9999.0-empty-to-avoid-conflict-with-guava.jar;C:\Users\rramos\.m2\repository\org\checkerframework\checker-compat-qual\2.5.5\checker-compat-qual-2.5.5.jar;C:\Users\rramos\.m2\repository\com\google\j2objc\j2objc-annotations\1.3\j2objc-annotations-1.3.jar;C:\Users\rramos\.m2\repository\com\google\errorprone\error_prone_annotations\2.9.0\error_prone_annotations-2.9.0.jar;C:\Users\rramos\.m2\repository\io\perfmark\perfmark-api\0.23.0\perfmark-api-0.23.0.jar;C:\Users\rramos\.m2\repository\io\grpc\grpc-core\1.42.1\grpc-core-1.42.1.jar;C:\Users\rramos\.m2\repository\com\google\code\gson\gson\2.8.9\gson-2.8.9.jar;C:\Users\rramos\.m2\repository\com\google\android\annotations\4.1.1.4\annotations-4.1.1.4.jar;C:\Users\rramos\.m2\repository\org\codehaus\mojo\animal-sniffer-annotations\1.19\animal-sniffer-annotations-1.19.jar;C:\Users\rramos\.m2\repository\io\grpc\grpc-protobuf\1.42.1\grpc-protobuf-1.42.1.jar;C:\Users\rramos\.m2\repository\io\grpc\grpc-api\1.42.1\grpc-api-1.42.1.jar;C:\Users\rramos\.m2\repository\io\grpc\grpc-context\1.42.1\grpc-context-1.42.1.jar;C:\Users\rramos\.m2\repository\com\google\code\findbugs\jsr305\3.0.2\jsr305-3.0.2.jar;C:\Users\rramos\.m2\repository\com\google\protobuf\protobuf-java\3.17.2\protobuf-java-3.17.2.jar;C:\Users\rramos\.m2\repository\com\google\api\grpc\proto-google-common-protos\2.0.1\proto-google-common-protos-2.0.1.jar;C:\Users\rramos\.m2\repository\io\grpc\grpc-protobuf-lite\1.42.1\grpc-protobuf-lite-1.42.1.jar;C:\Users\rramos\.m2\repository\io\grpc\grpc-stub\1.42.1\grpc-stub-1.42.1.jar;C:\Users\rramos\.m2\repository\org\apache\tomcat\annotations-api\6.0.53\annotations-api-6.0.53.jar;"/>
    <property name="sun.cpu.endian" value="little"/>
    <property name="user.home" value="C:\Users\rramos"/>
    <property name="user.language" value="en"/>
    <property name="java.specification.vendor" value="Oracle Corporation"/>
    <property name="java.version.date" value="2021-03-16"/>
    <property name="java.home" value="C:\Program Files\Java\jdk-16"/>
    <property name="file.separator" value="\"/>
    <property name="basedir" value="C:\Users\rramos\Documents\craftdemo"/>
    <property name="java.vm.compressedOopsMode" value="Zero based"/>
    <property name="line.separator" value="&#10;"/>
    <property name="java.vm.specification.vendor" value="Oracle Corporation"/>
    <property name="java.specification.name" value="Java Platform API Specification"/>
    <property name="surefire.real.class.path" value="C:\Users\rramos\AppData\Local\Temp\surefire3954773656066819019\surefirebooter4269487755803596306.jar"/>
    <property name="user.script" value=""/>
    <property name="sun.management.compiler" value="HotSpot 64-Bit Tiered Compilers"/>
    <property name="java.runtime.version" value="16+36-2231"/>
    <property name="user.name" value="rramos"/>
    <property name="path.separator" value=";"/>
    <property name="os.version" value="10.0"/>
    <property name="java.runtime.name" value="Java(TM) SE Runtime Environment"/>
    <property name="file.encoding" value="Cp1252"/>
    <property name="java.vm.name" value="Java HotSpot(TM) 64-Bit Server VM"/>
    <property name="localRepository" value="C:\Users\rramos\.m2\repository"/>
    <property name="java.vendor.url.bug" value="https://bugreport.java.com/bugreport/"/>
    <property name="java.io.tmpdir" value="C:\Users\rramos\AppData\Local\Temp\"/>
    <property name="java.version" value="16"/>
    <property name="user.dir" value="C:\Users\rramos\Documents\craftdemo"/>
    <property name="os.arch" value="amd64"/>
    <property name="java.vm.specification.name" value="Java Virtual Machine Specification"/>
    <property name="sun.os.patch.level" value=""/>
    <property name="java.library.path" value="C:\Program Files\Java\jdk-16\bin;C:\Windows\Sun\Java\bin;C:\Windows\system32;C:\Windows;C:\Program Files\Microsoft MPI\Bin\;C:\Program Files\Common Files\Oracle\Java\javapath;C:\Program Files\Oculus\Support\oculus-runtime;C:\Program Files (x86)\Intel\Intel(R) Management Engine Components\iCLS\;C:\Program Files\Intel\Intel(R) Management Engine Components\iCLS\;C:\Windows\system32;C:\Windows;C:\Windows\System32\Wbem;C:\Windows\System32\WindowsPowerShell\v1.0\;C:\Windows\System32\OpenSSH\;C:\Program Files\NVIDIA Corporation\NVIDIA NvDLISR;C:\Program Files (x86)\Intel\Intel(R) Management Engine Components\DAL;C:\Program Files\Intel\Intel(R) Management Engine Components\DAL;C:\Program Files (x86)\Intel\Intel(R) Management Engine Components\IPT;C:\Program Files\Intel\Intel(R) Management Engine Components\IPT;C:\Program Files (x86)\NVIDIA Corporation\PhysX\Common;C:\Program Files\dotnet\;C:\Program Files\Microsoft SQL Server\130\Tools\Binn\;C:\Program Files (x86)\IncrediBuild;C:\Program Files\Git\cmd;C:\Program Files\CMake\bin;C:\Users\rramos\AppData\Local\Microsoft\WindowsApps;C:\Users\rramos\AppData\Local\Programs\Microsoft VS Code\bin;C:\Program Files\Salesforce CLI\bin;C:\Users\rramos\.dotnet\tools;C:\Users\rramos\Workspace\Assessment\vcpkg\packages\protobuf_x64-windows\tools\protobuf;;."/>
    <property name="java.vm.info" value="mixed mode, sharing"/>
    <property name="java.vendor" value="Oracle Corporation"/>
    <property name="java.vm.version" value="16+36-2231"/>
    <property name="sun.io.unicode.encoding" value="UnicodeLittle"/>
    <property name="java.class.version" value="60.0"/>
  </properties>
  <testcase name="contextLoads" classname="com.assessment.craftdemo.CraftdemoApplicationTests" time="0.361"/>
</testsuite>